<?xml version="1.0" encoding="UTF-8"?>
<!-- Generated by org.testng.reporters.JUnitReportReporter -->
<testsuite hostname="DESKTOP-F9STDT0" failures="0" tests="1" name="com.jenkins.shadow" time="18.195" errors="0" timestamp="2022-12-21T22:27:52 IST" skipped="0">
  <testcase classname="com.jenkins.shadow" name="testShawdow" time="18.195"/>
  <system-out/>
</testsuite> <!-- com.jenkins.shadow -->
